#! /c/iverilog/bin/vvp
:ivl_version "12.0 (devel)" "(s20150603-965-g55e06db6)";
:ivl_delay_selection "TYPICAL";
:vpi_time_precision + 0;
:vpi_module "D:\verilog\lib\ivl\system.vpi";
:vpi_module "D:\verilog\lib\ivl\vhdl_sys.vpi";
:vpi_module "D:\verilog\lib\ivl\vhdl_textio.vpi";
:vpi_module "D:\verilog\lib\ivl\v2005_math.vpi";
:vpi_module "D:\verilog\lib\ivl\va_math.vpi";
S_0000000001022b90 .scope module, "Guia_0101" "Guia_0101" 2 4;
 .timescale 0 0;
v0000000001022eb0_0 .var "b", 7 0;
v000000000090e270_0 .var/i "x", 31 0;
S_0000000001022d20 .scope begin, "main" "main" 2 10, 2 10 0, S_0000000001022b90;
 .timescale 0 0;
    .scope S_0000000001022b90;
T_0 ;
    %pushi/vec4 27, 0, 32;
    %store/vec4 v000000000090e270_0, 0, 32;
    %pushi/vec4 0, 0, 8;
    %store/vec4 v0000000001022eb0_0, 0, 8;
    %end;
    .thread T_0;
    .scope S_0000000001022b90;
T_1 ;
    %fork t_1, S_0000000001022d20;
    %jmp t_0;
    .scope S_0000000001022d20;
t_1 ;
    %vpi_call 2 11 "$display", "Guia_0101 - Tests" {0 0 0};
    %vpi_call 2 12 "$display", "x = %d", v000000000090e270_0 {0 0 0};
    %vpi_call 2 13 "$display", "b = %8b", v0000000001022eb0_0 {0 0 0};
    %load/vec4 v000000000090e270_0;
    %pad/s 8;
    %store/vec4 v0000000001022eb0_0, 0, 8;
    %vpi_call 2 15 "$display", "b = %8b", v0000000001022eb0_0 {0 0 0};
    %end;
    .scope S_0000000001022b90;
t_0 %join;
    %end;
    .thread T_1;
# The file index is used to find the file name in the following table.
:file_names 3;
    "N/A";
    "<interactive>";
    "G01Q01.v";
