#! /c/iverilog/bin/vvp
:ivl_version "12.0 (devel)" "(s20150603-965-g55e06db6)";
:ivl_delay_selection "TYPICAL";
:vpi_time_precision + 0;
:vpi_module "D:\verilog\lib\ivl\system.vpi";
:vpi_module "D:\verilog\lib\ivl\vhdl_sys.vpi";
:vpi_module "D:\verilog\lib\ivl\vhdl_textio.vpi";
:vpi_module "D:\verilog\lib\ivl\v2005_math.vpi";
:vpi_module "D:\verilog\lib\ivl\va_math.vpi";
S_0000000000872a80 .scope module, "G01Q01" "G01Q01" 2 6;
 .timescale 0 0;
v0000000000872da0_0 .var "a", 7 0;
v0000000000872e40_0 .var "b", 7 0;
v00000000012cb9f0_0 .var "c", 15 0;
v00000000012cba90_0 .var "d", 15 0;
v00000000012cbb30_0 .var "e", 15 0;
v00000000012cbbd0_0 .var/i "n1", 31 0;
v00000000012cbc70_0 .var/i "n2", 31 0;
v00000000008e9820_0 .var/i "n3", 31 0;
v00000000008e98c0_0 .var/i "n4", 31 0;
v00000000008e9960_0 .var/i "n5", 31 0;
S_0000000000872c10 .scope begin, "main" "main" 2 18, 2 18 0, S_0000000000872a80;
 .timescale 0 0;
    .scope S_0000000000872a80;
T_0 ;
    %pushi/vec4 27, 0, 32;
    %store/vec4 v00000000012cbbd0_0, 0, 32;
    %pushi/vec4 51, 0, 32;
    %store/vec4 v00000000012cbc70_0, 0, 32;
    %pushi/vec4 713, 0, 32;
    %store/vec4 v00000000008e9820_0, 0, 32;
    %pushi/vec4 312, 0, 32;
    %store/vec4 v00000000008e98c0_0, 0, 32;
    %pushi/vec4 360, 0, 32;
    %store/vec4 v00000000008e9960_0, 0, 32;
    %end;
    .thread T_0;
    .scope S_0000000000872a80;
T_1 ;
    %fork t_1, S_0000000000872c10;
    %jmp t_0;
    .scope S_0000000000872c10;
t_1 ;
    %load/vec4 v00000000012cbbd0_0;
    %pad/s 8;
    %store/vec4 v0000000000872da0_0, 0, 8;
    %load/vec4 v00000000012cbc70_0;
    %pad/s 8;
    %store/vec4 v0000000000872e40_0, 0, 8;
    %load/vec4 v00000000008e9820_0;
    %pad/s 16;
    %store/vec4 v00000000012cb9f0_0, 0, 16;
    %load/vec4 v00000000008e98c0_0;
    %pad/s 16;
    %store/vec4 v00000000012cba90_0, 0, 16;
    %load/vec4 v00000000008e9960_0;
    %pad/s 16;
    %store/vec4 v00000000012cbb30_0, 0, 16;
    %vpi_call 2 26 "$display", "Guia 01 Quast\303\243o 01" {0 0 0};
    %vpi_call 2 27 "$display" {0 0 0};
    %vpi_call 2 28 "$display", "a) = %8b", v0000000000872da0_0 {0 0 0};
    %vpi_call 2 29 "$display", "b) = %8b", v0000000000872e40_0 {0 0 0};
    %vpi_call 2 30 "$display", "c) = %8b", v00000000012cb9f0_0 {0 0 0};
    %vpi_call 2 31 "$display", "d) = %8b", v00000000012cba90_0 {0 0 0};
    %vpi_call 2 32 "$display", "e) = %8b", v00000000012cbb30_0 {0 0 0};
    %end;
    .scope S_0000000000872a80;
t_0 %join;
    %end;
    .thread T_1;
# The file index is used to find the file name in the following table.
:file_names 3;
    "N/A";
    "<interactive>";
    "G01Q01.v";
