#! /c/iverilog/bin/vvp
:ivl_version "12.0 (devel)" "(s20150603-965-g55e06db6)";
:ivl_delay_selection "TYPICAL";
:vpi_time_precision + 0;
:vpi_module "D:\verilog\lib\ivl\system.vpi";
:vpi_module "D:\verilog\lib\ivl\vhdl_sys.vpi";
:vpi_module "D:\verilog\lib\ivl\vhdl_textio.vpi";
:vpi_module "D:\verilog\lib\ivl\v2005_math.vpi";
:vpi_module "D:\verilog\lib\ivl\va_math.vpi";
S_0000000001002a80 .scope module, "G01Q03" "G01Q03" 2 6;
 .timescale 0 0;
v0000000001002da0_0 .var "a", 7 0;
v00000000011dbcb0_0 .var "b", 7 0;
v0000000001002e40_0 .var "c", 7 0;
v00000000010340a0_0 .var "d", 7 0;
v0000000001034140_0 .var "e", 7 0;
v00000000010341e0_0 .var/i "n1", 31 0;
v0000000001034280_0 .var/i "n2", 31 0;
v0000000001034320_0 .var/i "n3", 31 0;
v00000000010343c0_0 .var/i "n4", 31 0;
v0000000001034460_0 .var/i "n5", 31 0;
S_0000000001002c10 .scope begin, "main" "main" 2 17, 2 17 0, S_0000000001002a80;
 .timescale 0 0;
    .scope S_0000000001002a80;
T_0 ;
    %pushi/vec4 73, 0, 32;
    %store/vec4 v00000000010341e0_0, 0, 32;
    %pushi/vec4 47, 0, 32;
    %store/vec4 v0000000001034280_0, 0, 32;
    %pushi/vec4 61, 0, 32;
    %store/vec4 v0000000001034320_0, 0, 32;
    %pushi/vec4 157, 0, 32;
    %store/vec4 v00000000010343c0_0, 0, 32;
    %pushi/vec4 171, 0, 32;
    %store/vec4 v0000000001034460_0, 0, 32;
    %end;
    .thread T_0;
    .scope S_0000000001002a80;
T_1 ;
    %fork t_1, S_0000000001002c10;
    %jmp t_0;
    .scope S_0000000001002c10;
t_1 ;
    %load/vec4 v00000000010341e0_0;
    %pad/s 8;
    %store/vec4 v0000000001002da0_0, 0, 8;
    %load/vec4 v0000000001034280_0;
    %pad/s 8;
    %store/vec4 v00000000011dbcb0_0, 0, 8;
    %load/vec4 v0000000001034320_0;
    %pad/s 8;
    %store/vec4 v0000000001002e40_0, 0, 8;
    %load/vec4 v00000000010343c0_0;
    %pad/s 8;
    %store/vec4 v00000000010340a0_0, 0, 8;
    %load/vec4 v0000000001034460_0;
    %pad/s 8;
    %store/vec4 v0000000001034140_0, 0, 8;
    %vpi_call 2 25 "$display", "Guia 01 Quast\303\243o 03" {0 0 0};
    %vpi_call 2 27 "$display", "a) = %8b", v0000000001002da0_0 {0 0 0};
    %vpi_call 2 28 "$display", "b) = %4b", v00000000011dbcb0_0 {0 0 0};
    %vpi_call 2 29 "$display", "c) = %x", v0000000001002e40_0 {0 0 0};
    %vpi_call 2 30 "$display", "d) = %x", v00000000010340a0_0 {0 0 0};
    %vpi_call 2 31 "$display", "e) = %x", v0000000001034140_0 {0 0 0};
    %end;
    .scope S_0000000001002a80;
t_0 %join;
    %end;
    .thread T_1;
# The file index is used to find the file name in the following table.
:file_names 3;
    "N/A";
    "<interactive>";
    "G01Q03.v";
