#! /c/iverilog/bin/vvp
:ivl_version "12.0 (devel)" "(s20150603-965-g55e06db6)";
:ivl_delay_selection "TYPICAL";
:vpi_time_precision + 0;
:vpi_module "D:\verilog\lib\ivl\system.vpi";
:vpi_module "D:\verilog\lib\ivl\vhdl_sys.vpi";
:vpi_module "D:\verilog\lib\ivl\vhdl_textio.vpi";
:vpi_module "D:\verilog\lib\ivl\v2005_math.vpi";
:vpi_module "D:\verilog\lib\ivl\va_math.vpi";
S_00000000009ea370 .scope module, "Guia_0104" "Guia_0104" 2 4;
 .timescale 0 0;
v0000000000872c10_0 .var "b", 7 0;
v0000000000872cb0_0 .var/i "x", 31 0;
S_0000000000872a80 .scope begin, "main" "main" 2 10, 2 10 0, S_00000000009ea370;
 .timescale 0 0;
    .scope S_00000000009ea370;
T_0 ;
    %pushi/vec4 13, 0, 32;
    %store/vec4 v0000000000872cb0_0, 0, 32;
    %pushi/vec4 0, 0, 8;
    %store/vec4 v0000000000872c10_0, 0, 8;
    %end;
    .thread T_0;
    .scope S_00000000009ea370;
T_1 ;
    %fork t_1, S_0000000000872a80;
    %jmp t_0;
    .scope S_0000000000872a80;
t_1 ;
    %vpi_call 2 11 "$display", "Guia_0104 - Tests" {0 0 0};
    %vpi_call 2 12 "$display", "x = %d", v0000000000872cb0_0 {0 0 0};
    %vpi_call 2 13 "$display", "b = %8b", v0000000000872c10_0 {0 0 0};
    %load/vec4 v0000000000872cb0_0;
    %pad/s 8;
    %store/vec4 v0000000000872c10_0, 0, 8;
    %vpi_call 2 15 "$display", "b = [%4b] [%4b] = %x %x", &PV<v0000000000872c10_0, 4, 4>, &PV<v0000000000872c10_0, 0, 4>, &PV<v0000000000872c10_0, 4, 4>, &PV<v0000000000872c10_0, 0, 4> {0 0 0};
    %end;
    .scope S_00000000009ea370;
t_0 %join;
    %end;
    .thread T_1;
# The file index is used to find the file name in the following table.
:file_names 3;
    "N/A";
    "<interactive>";
    "G01Q04.v";
