#! /c/iverilog/bin/vvp
:ivl_version "12.0 (devel)" "(s20150603-965-g55e06db6)";
:ivl_delay_selection "TYPICAL";
:vpi_time_precision + 0;
:vpi_module "D:\verilog\lib\ivl\system.vpi";
:vpi_module "D:\verilog\lib\ivl\vhdl_sys.vpi";
:vpi_module "D:\verilog\lib\ivl\vhdl_textio.vpi";
:vpi_module "D:\verilog\lib\ivl\v2005_math.vpi";
:vpi_module "D:\verilog\lib\ivl\va_math.vpi";
S_0000000001032b90 .scope module, "G01Q01" "G01Q01" 2 6;
 .timescale 0 0;
v0000000001032eb0_0 .var "a", 7 0;
v000000000112bca0_0 .var "b", 7 0;
v000000000112b9d0_0 .var "c", 7 0;
v00000000010aa840_0 .var "d", 7 0;
v00000000010aa8e0_0 .var "e", 7 0;
v00000000010aa980_0 .var/i "n1", 31 0;
v00000000010aaa20_0 .var/i "n2", 31 0;
v00000000010aaac0_0 .var/i "n3", 31 0;
v00000000010aab60_0 .var/i "n4", 31 0;
v00000000010aac00_0 .var/i "n5", 31 0;
S_0000000001032d20 .scope begin, "main" "main" 2 21, 2 21 0, S_0000000001032b90;
 .timescale 0 0;
    .scope S_0000000001032b90;
T_0 ;
    %pushi/vec4 0, 0, 32;
    %store/vec4 v00000000010aa980_0, 0, 32;
    %pushi/vec4 0, 0, 32;
    %store/vec4 v00000000010aaa20_0, 0, 32;
    %pushi/vec4 0, 0, 32;
    %store/vec4 v00000000010aaac0_0, 0, 32;
    %pushi/vec4 0, 0, 32;
    %store/vec4 v00000000010aab60_0, 0, 32;
    %pushi/vec4 0, 0, 32;
    %store/vec4 v00000000010aac00_0, 0, 32;
    %pushi/vec4 21, 0, 8;
    %store/vec4 v0000000001032eb0_0, 0, 8;
    %pushi/vec4 26, 0, 8;
    %store/vec4 v000000000112bca0_0, 0, 8;
    %pushi/vec4 41, 0, 8;
    %store/vec4 v000000000112b9d0_0, 0, 8;
    %pushi/vec4 57, 0, 8;
    %store/vec4 v00000000010aa840_0, 0, 8;
    %pushi/vec4 35, 0, 8;
    %store/vec4 v00000000010aa8e0_0, 0, 8;
    %end;
    .thread T_0;
    .scope S_0000000001032b90;
T_1 ;
    %fork t_1, S_0000000001032d20;
    %jmp t_0;
    .scope S_0000000001032d20;
t_1 ;
    %load/vec4 v0000000001032eb0_0;
    %pad/u 32;
    %store/vec4 v00000000010aa980_0, 0, 32;
    %load/vec4 v000000000112bca0_0;
    %pad/u 32;
    %store/vec4 v00000000010aaa20_0, 0, 32;
    %load/vec4 v000000000112b9d0_0;
    %pad/u 32;
    %store/vec4 v00000000010aaac0_0, 0, 32;
    %load/vec4 v00000000010aa840_0;
    %pad/u 32;
    %store/vec4 v00000000010aab60_0, 0, 32;
    %load/vec4 v00000000010aa8e0_0;
    %pad/u 32;
    %store/vec4 v00000000010aac00_0, 0, 32;
    %vpi_call 2 29 "$display", "Guia 01 Quast\303\243o 02" {0 0 0};
    %vpi_call 2 31 "$display", "a) = %d", v00000000010aa980_0 {0 0 0};
    %vpi_call 2 32 "$display", "b) = %d", v00000000010aaa20_0 {0 0 0};
    %vpi_call 2 33 "$display", "c) = %d", v00000000010aaac0_0 {0 0 0};
    %vpi_call 2 34 "$display", "d) = %d", v00000000010aab60_0 {0 0 0};
    %vpi_call 2 35 "$display", "e) = %d", v00000000010aac00_0 {0 0 0};
    %end;
    .scope S_0000000001032b90;
t_0 %join;
    %end;
    .thread T_1;
# The file index is used to find the file name in the following table.
:file_names 3;
    "N/A";
    "<interactive>";
    "G01Q02.v";
